2017-04-01 01:03:53 ERROR    golem.docker.config_manager         Couldn't read CPU affinity: 'Process' object has no attribute 'cpu_affinity'
2017-04-01 01:03:54 INFO     golem.rpc.crossbar                  Using default node shutdown triggers [u'shutdown_on_worker_exit'] 
2017-04-01 01:03:54 INFO     golem.rpc.crossbar                  Configuring node from local configuration ... 
2017-04-01 01:03:54 INFO     golem.rpc.crossbar                  Starting 1 workers ... 
2017-04-01 01:03:56 INFO     golem.rpc.crossbar                  Router 'worker-001': realm 'realm-001' (named 'golem') started 
2017-04-01 01:03:56 INFO     golem.rpc.crossbar                  Router 'worker-001': role 'role-001' (named 'anonymous') started on realm 'realm-001' 
2017-04-01 01:03:56 INFO     golem.rpc.crossbar                  Router 'worker-001': transport 'transport-001' started 
2017-04-01 01:03:56 INFO     golem.rpc.crossbar                  Local node configuration applied. 
2017-04-01 01:04:07 ERROR    golem.monitor                       ping error
Traceback (most recent call last):
  File "/Users/hawk/work/workspaces/golem-project/golem/golem/monitor/monitor.py", line 60, in p2p_listener
    result = self.ping_request(kwargs['port'])
  File "/Users/hawk/work/workspaces/golem-project/golem/golem/monitor/monitor.py", line 74, in ping_request
    timeout=timeout,
  File "/usr/local/lib/python2.7/site-packages/requests/api.py", line 110, in post
    return request('post', url, data=data, json=json, **kwargs)
  File "/usr/local/lib/python2.7/site-packages/requests/api.py", line 56, in request
    return session.request(method=method, url=url, **kwargs)
  File "/usr/local/lib/python2.7/site-packages/requests/sessions.py", line 488, in request
    resp = self.send(prep, **send_kwargs)
  File "/usr/local/lib/python2.7/site-packages/requests/sessions.py", line 609, in send
    r = adapter.send(request, **kwargs)
  File "/usr/local/lib/python2.7/site-packages/requests/adapters.py", line 499, in send
    raise ReadTimeout(e, request=request)
ReadTimeout: HTTPConnectionPool(host='94.23.17.170', port=8881): Read timed out. (read timeout=1)
2017-04-01 01:04:12 ERROR    golem.network.transport.tcpnetwork  Deserialization of messages failed
2017-04-01 01:04:14 ERROR    golem.network.transport.tcpnetwork  Deserialization of messages failed
2017-04-01 01:04:20 ERROR    golem.network.transport.tcpnetwork  Deserialization of messages failed
2017-04-01 01:04:22 ERROR    golem.network.transport.tcpnetwork  Deserialization of messages failed
2017-04-01 01:04:24 ERROR    golem.network.transport.tcpnetwork  Deserialization of messages failed
2017-04-01 01:04:26 ERROR    golem.network.transport.tcpnetwork  Deserialization of messages failed
2017-04-01 01:04:30 ERROR    golem.network.transport.tcpnetwork  Deserialization of messages failed
2017-04-01 01:04:38 ERROR    golem.network.transport.tcpnetwork  Deserialization of messages failed
2017-04-01 01:04:49 ERROR    golem.network.transport.tcpnetwork  Deserialization of messages failed
2017-04-01 01:04:55 ERROR    golem.network.transport.tcpnetwork  Deserialization of messages failed
2017-04-01 01:04:57 ERROR    golem.network.transport.tcpnetwork  Deserialization of messages failed
2017-04-01 01:04:59 ERROR    golem.network.transport.tcpnetwork  Deserialization of messages failed
2017-04-01 01:05:01 ERROR    golem.network.transport.tcpnetwork  Deserialization of messages failed
2017-04-01 01:05:01 ERROR    golem.network.transport.tcpnetwork  Deserialization of messages failed
2017-04-01 01:05:05 ERROR    golem.network.transport.tcpnetwork  Deserialization of messages failed
2017-04-01 01:05:09 ERROR    golem.network.transport.tcpnetwork  Deserialization of messages failed
